#
# There is insufficient memory for the Java Runtime Environment to continue.
# Native memory allocation (malloc) failed to allocate 2136336 bytes for Chunk::new
# Possible reasons:
#   The system is out of physical RAM or swap space
#   The process is running with CompressedOops enabled, and the Java Heap may be blocking the growth of the native heap
# Possible solutions:
#   Reduce memory load on the system
#   Increase physical memory or swap space
#   Check if swap backing store is full
#   Decrease Java heap size (-Xmx/-Xms)
#   Decrease number of Java threads
#   Decrease Java thread stack sizes (-Xss)
#   Set larger code cache with -XX:ReservedCodeCacheSize=
#
#   (arena.cpp:189)# JRE version: OpenJDK Runtime Environment (17.0.6) (build 17.0.6+0-b2043.56-10027231)
# Java VM: OpenJDK 64-Bit Server VM (17.0.6+0-b2043.56-10027231, mixed mode, tiered, compressed oops, compressed class ptrs, g1 gc, windows-amd64)
# No core dump will be written. Minidumps are not enabled by default on client versions of Windows
#

---------------  S U M M A R Y ------------

Command Line: --add-opens=java.base/java.util=ALL-UNNAMED --add-opens=java.base/java.lang=ALL-UNNAMED --add-opens=java.base/java.lang.invoke=ALL-UNNAMED --add-opens=java.prefs/java.util.prefs=ALL-UNNAMED --add-opens=java.base/java.nio.charset=ALL-UNNAMED --add-opens=java.base/java.net=ALL-UNNAMED --add-opens=java.base/java.util.concurrent.atomic=ALL-UNNAMED -Xmx2048m -Dfile.encoding=UTF-8 -Duser.country=US -Duser.language=en -Duser.variant org.gradle.launcher.daemon.bootstrap.GradleDaemon 8.0

Host: Intel(R) Core(TM) i7-7500U CPU @ 2.70GHz, 4 cores, 7G,  Windows 10 , 64 bit Build 19041 (10.0.19041.3393)
Time: Wed Sep 20 15:51:12 2023 Mountain Daylight Time elapsed time: 18.642722 seconds (0d 0h 0m 18s)

---------------  T H R E A D  ---------------

Current thread (0x0000020c0fc0aaa0):  JavaThread "C2 CompilerThread0" daemon [_thread_in_native, id=4000, stack(0x000000b452100000,0x000000b452200000)]


Current CompileTask:
C2:  18642 4364       4       org.gradle.internal.service.DefaultServiceRegistry$OwnServices::getService (309 bytes)

Stack: [0x000000b452100000,0x000000b452200000]
Native frames: (J=compiled Java code, j=interpreted, Vv=VM code, C=native code)
V  [jvm.dll+0x683c9a]
V  [jvm.dll+0x8427a4]
V  [jvm.dll+0x843f9e]
V  [jvm.dll+0x844603]
V  [jvm.dll+0x249b75]
V  [jvm.dll+0xabcac]
V  [jvm.dll+0xac27c]
V  [jvm.dll+0x368802]
V  [jvm.dll+0x332f31]
V  [jvm.dll+0x3323da]
V  [jvm.dll+0x21c201]
V  [jvm.dll+0x21b621]
V  [jvm.dll+0x1a4fdd]
V  [jvm.dll+0x22b098]
V  [jvm.dll+0x229159]
V  [jvm.dll+0x7f81ec]
V  [jvm.dll+0x7f274a]
V  [jvm.dll+0x682ad5]
C  [ucrtbase.dll+0x21bb2]
C  [KERNEL32.DLL+0x17344]
C  [ntdll.dll+0x526b1]


---------------  P R O C E S S  ---------------

Threads class SMR info:
_java_thread_list=0x0000020c10bbd650, length=40, elements={
0x0000020c73c08350, 0x0000020c0f1ab220, 0x0000020c0f1adf10, 0x0000020c0f1fe020,
0x0000020c0f1fe8e0, 0x0000020c0fc08810, 0x0000020c0fc08dd0, 0x0000020c0fc0aaa0,
0x0000020c0fc111f0, 0x0000020c0fc24f00, 0x0000020c0fd82f70, 0x0000020c0fd85c70,
0x0000020c1072d8a0, 0x0000020c116dfa60, 0x0000020c120a0000, 0x0000020c10fcab10,
0x0000020c11391e30, 0x0000020c116b4030, 0x0000020c116b4500, 0x0000020c121d5bc0,
0x0000020c121d6560, 0x0000020c121d6a30, 0x0000020c121d3070, 0x0000020c121d5220,
0x0000020c121d4d50, 0x0000020c121d6090, 0x0000020c121d3540, 0x0000020c121d4880,
0x0000020c121d56f0, 0x0000020c121d43b0, 0x0000020c121d3ee0, 0x0000020c12eef360,
0x0000020c12ef0b70, 0x0000020c12eef830, 0x0000020c12ef4060, 0x0000020c12ef01d0,
0x0000020c12ef06a0, 0x0000020c12ef36c0, 0x0000020c12ef2850, 0x0000020c12ef1040
}

Java Threads: ( => current thread )
  0x0000020c73c08350 JavaThread "main" [_thread_blocked, id=10576, stack(0x000000b451400000,0x000000b451500000)]
  0x0000020c0f1ab220 JavaThread "Reference Handler" daemon [_thread_blocked, id=2012, stack(0x000000b451b00000,0x000000b451c00000)]
  0x0000020c0f1adf10 JavaThread "Finalizer" daemon [_thread_blocked, id=3952, stack(0x000000b451c00000,0x000000b451d00000)]
  0x0000020c0f1fe020 JavaThread "Signal Dispatcher" daemon [_thread_blocked, id=13732, stack(0x000000b451d00000,0x000000b451e00000)]
  0x0000020c0f1fe8e0 JavaThread "Attach Listener" daemon [_thread_blocked, id=13724, stack(0x000000b451e00000,0x000000b451f00000)]
  0x0000020c0fc08810 JavaThread "Service Thread" daemon [_thread_blocked, id=6056, stack(0x000000b451f00000,0x000000b452000000)]
  0x0000020c0fc08dd0 JavaThread "Monitor Deflation Thread" daemon [_thread_blocked, id=5824, stack(0x000000b452000000,0x000000b452100000)]
=>0x0000020c0fc0aaa0 JavaThread "C2 CompilerThread0" daemon [_thread_in_native, id=4000, stack(0x000000b452100000,0x000000b452200000)]
  0x0000020c0fc111f0 JavaThread "C1 CompilerThread0" daemon [_thread_blocked, id=3036, stack(0x000000b452200000,0x000000b452300000)]
  0x0000020c0fc24f00 JavaThread "Sweeper thread" daemon [_thread_blocked, id=11800, stack(0x000000b452300000,0x000000b452400000)]
  0x0000020c0fd82f70 JavaThread "Common-Cleaner" daemon [_thread_blocked, id=9024, stack(0x000000b452400000,0x000000b452500000)]
  0x0000020c0fd85c70 JavaThread "Notification Thread" daemon [_thread_blocked, id=10276, stack(0x000000b452500000,0x000000b452600000)]
  0x0000020c1072d8a0 JavaThread "Daemon health stats" [_thread_blocked, id=9804, stack(0x000000b452900000,0x000000b452a00000)]
  0x0000020c116dfa60 JavaThread "Incoming local TCP Connector on port 58591" [_thread_in_native, id=13720, stack(0x000000b452b00000,0x000000b452c00000)]
  0x0000020c120a0000 JavaThread "Daemon periodic checks" [_thread_blocked, id=10364, stack(0x000000b452c00000,0x000000b452d00000)]
  0x0000020c10fcab10 JavaThread "Daemon" [_thread_blocked, id=11884, stack(0x000000b452d00000,0x000000b452e00000)]
  0x0000020c11391e30 JavaThread "Handler for socket connection from /127.0.0.1:58591 to /127.0.0.1:58592" [_thread_in_native, id=13892, stack(0x000000b452e00000,0x000000b452f00000)]
  0x0000020c116b4030 JavaThread "Cancel handler" [_thread_blocked, id=10768, stack(0x000000b452f00000,0x000000b453000000)]
  0x0000020c116b4500 JavaThread "Daemon worker" [_thread_in_vm, id=13088, stack(0x000000b453000000,0x000000b453100000)]
  0x0000020c121d5bc0 JavaThread "Asynchronous log dispatcher for DefaultDaemonConnection: socket connection from /127.0.0.1:58591 to /127.0.0.1:58592" [_thread_blocked, id=7628, stack(0x000000b453100000,0x000000b453200000)]
  0x0000020c121d6560 JavaThread "Stdin handler" [_thread_blocked, id=9300, stack(0x000000b453200000,0x000000b453300000)]
  0x0000020c121d6a30 JavaThread "Daemon client event forwarder" [_thread_blocked, id=12336, stack(0x000000b453300000,0x000000b453400000)]
  0x0000020c121d3070 JavaThread "Cache worker for journal cache (C:\Users\shend\.gradle\caches\journal-1)" [_thread_blocked, id=12800, stack(0x000000b453400000,0x000000b453500000)]
  0x0000020c121d5220 JavaThread "File lock request listener" [_thread_in_native, id=6484, stack(0x000000b453500000,0x000000b453600000)]
  0x0000020c121d4d50 JavaThread "Cache worker for file hash cache (C:\Users\shend\.gradle\caches\8.0\fileHashes)" [_thread_blocked, id=8024, stack(0x000000b453600000,0x000000b453700000)]
  0x0000020c121d6090 JavaThread "File watcher server" daemon [_thread_in_native, id=14140, stack(0x000000b453700000,0x000000b453800000)]
  0x0000020c121d3540 JavaThread "File watcher consumer" daemon [_thread_blocked, id=5212, stack(0x000000b453800000,0x000000b453900000)]
  0x0000020c121d4880 JavaThread "Cache worker for checksums cache (D:\AndroidStudioProjects\Calculator\.gradle\8.0\checksums)" [_thread_blocked, id=11296, stack(0x000000b453900000,0x000000b453a00000)]
  0x0000020c121d56f0 JavaThread "Cache worker for cache directory md-rule (C:\Users\shend\.gradle\caches\8.0\md-rule)" [_thread_blocked, id=11388, stack(0x000000b453a00000,0x000000b453b00000)]
  0x0000020c121d43b0 JavaThread "Cache worker for file content cache (C:\Users\shend\.gradle\caches\8.0\fileContent)" [_thread_blocked, id=3280, stack(0x000000b453b00000,0x000000b453c00000)]
  0x0000020c121d3ee0 JavaThread "Cache worker for file hash cache (D:\AndroidStudioProjects\Calculator\.gradle\8.0\fileHashes)" [_thread_blocked, id=10088, stack(0x000000b453c00000,0x000000b453d00000)]
  0x0000020c12eef360 JavaThread "Cache worker for cache directory md-supplier (C:\Users\shend\.gradle\caches\8.0\md-supplier)" [_thread_blocked, id=8272, stack(0x000000b453d00000,0x000000b453e00000)]
  0x0000020c12ef0b70 JavaThread "Cache worker for execution history cache (C:\Users\shend\.gradle\caches\8.0\executionHistory)" [_thread_blocked, id=11688, stack(0x000000b453e00000,0x000000b453f00000)]
  0x0000020c12eef830 JavaThread "jar transforms" [_thread_blocked, id=5136, stack(0x000000b453f00000,0x000000b454000000)]
  0x0000020c12ef4060 JavaThread "jar transforms Thread 2" [_thread_blocked, id=13192, stack(0x000000b454000000,0x000000b454100000)]
  0x0000020c12ef01d0 JavaThread "Cache worker for kotlin-dsl (C:\Users\shend\.gradle\caches\8.0\kotlin-dsl)" [_thread_blocked, id=5800, stack(0x000000b454100000,0x000000b454200000)]
  0x0000020c12ef06a0 JavaThread "jar transforms Thread 3" [_thread_blocked, id=13436, stack(0x000000b454200000,0x000000b454300000)]
  0x0000020c12ef36c0 JavaThread "jar transforms Thread 4" [_thread_blocked, id=9520, stack(0x000000b454300000,0x000000b454400000)]
  0x0000020c12ef2850 JavaThread "Cache worker for dependencies-accessors (D:\AndroidStudioProjects\Calculator\.gradle\8.0\dependencies-accessors)" [_thread_blocked, id=13168, stack(0x000000b454400000,0x000000b454500000)]
  0x0000020c12ef1040 JavaThread "Cache worker for Build Output Cleanup Cache (D:\AndroidStudioProjects\Calculator\.gradle\buildOutputCleanup)" [_thread_blocked, id=11568, stack(0x000000b454500000,0x000000b454600000)]

Other Threads:
  0x0000020c0f1a76e0 VMThread "VM Thread" [stack: 0x000000b451a00000,0x000000b451b00000] [id=4528]
  0x0000020c0fd86140 WatcherThread [stack: 0x000000b452600000,0x000000b452700000] [id=7844]
  0x0000020c73c67940 GCTaskThread "GC Thread#0" [stack: 0x000000b451500000,0x000000b451600000] [id=13232]
  0x0000020c0ff44750 GCTaskThread "GC Thread#1" [stack: 0x000000b452700000,0x000000b452800000] [id=13636]
  0x0000020c0ff44a00 GCTaskThread "GC Thread#2" [stack: 0x000000b452800000,0x000000b452900000] [id=13220]
  0x0000020c10735760 GCTaskThread "GC Thread#3" [stack: 0x000000b452a00000,0x000000b452b00000] [id=13516]
  0x0000020c73c79020 ConcurrentGCThread "G1 Main Marker" [stack: 0x000000b451600000,0x000000b451700000] [id=13920]
  0x0000020c73c79a30 ConcurrentGCThread "G1 Conc#0" [stack: 0x000000b451700000,0x000000b451800000] [id=12012]
  0x0000020c73cdda20 ConcurrentGCThread "G1 Refine#0" [stack: 0x000000b451800000,0x000000b451900000] [id=10060]
  0x0000020c73cde440 ConcurrentGCThread "G1 Service" [stack: 0x000000b451900000,0x000000b451a00000] [id=11076]

Threads with active compile tasks:
C2 CompilerThread0    18685 4364       4       org.gradle.internal.service.DefaultServiceRegistry$OwnServices::getService (309 bytes)

VM state: not at safepoint (normal execution)

VM Mutex/Monitor currently owned by a thread:  ([mutex/lock_event])
[0x0000020c73c04040] Metaspace_lock - owner thread: 0x0000020c116b4500

Heap address: 0x0000000080000000, size: 2048 MB, Compressed Oops mode: 32-bit

CDS archive(s) not mapped
Compressed class space mapped at: 0x0000000100000000-0x0000000140000000, reserved size: 1073741824
Narrow klass base: 0x0000000000000000, Narrow klass shift: 3, Narrow klass range: 0x140000000

GC Precious Log:
 CPUs: 4 total, 4 available
 Memory: 8089M
 Large Page Support: Disabled
 NUMA Support: Disabled
 Compressed Oops: Enabled (32-bit)
 Heap Region Size: 1M
 Heap Min Capacity: 8M
 Heap Initial Capacity: 128M
 Heap Max Capacity: 2G
 Pre-touch: Disabled
 Parallel Workers: 4
 Concurrent Workers: 1
 Concurrent Refinement Workers: 4
 Periodic GC: Disabled

Heap:
 garbage-first heap   total 68608K, used 46400K [0x0000000080000000, 0x0000000100000000)
  region size 1024K, 19 young (19456K), 4 survivors (4096K)
 Metaspace       used 51223K, committed 51648K, reserved 1097728K
  class space    used 6863K, committed 7040K, reserved 1048576K

Heap Regions: E=young(eden), S=young(survivor), O=old, HS=humongous(starts), HC=humongous(continues), CS=collection set, F=free, OA=open archive, CA=closed archive, TAMS=top-at-mark-start (previous, next)
|   0|0x0000000080000000, 0x0000000080100000, 0x0000000080100000|100%| O|  |TAMS 0x0000000080100000, 0x0000000080000000| Untracked 
|   1|0x0000000080100000, 0x0000000080200000, 0x0000000080200000|100%| O|  |TAMS 0x0000000080200000, 0x0000000080100000| Untracked 
|   2|0x0000000080200000, 0x0000000080300000, 0x0000000080300000|100%|HS|  |TAMS 0x0000000080300000, 0x0000000080200000| Complete 
|   3|0x0000000080300000, 0x0000000080400000, 0x0000000080400000|100%|HC|  |TAMS 0x0000000080400000, 0x0000000080300000| Complete 
|   4|0x0000000080400000, 0x0000000080500000, 0x0000000080500000|100%|HC|  |TAMS 0x0000000080500000, 0x0000000080400000| Complete 
|   5|0x0000000080500000, 0x0000000080600000, 0x0000000080600000|100%|HC|  |TAMS 0x0000000080600000, 0x0000000080500000| Complete 
|   6|0x0000000080600000, 0x0000000080700000, 0x0000000080700000|100%| O|  |TAMS 0x0000000080700000, 0x0000000080600000| Untracked 
|   7|0x0000000080700000, 0x0000000080800000, 0x0000000080800000|100%| O|  |TAMS 0x0000000080800000, 0x0000000080700000| Untracked 
|   8|0x0000000080800000, 0x0000000080900000, 0x0000000080900000|100%| O|  |TAMS 0x0000000080900000, 0x0000000080800000| Untracked 
|   9|0x0000000080900000, 0x0000000080a00000, 0x0000000080a00000|100%| O|  |TAMS 0x0000000080a00000, 0x0000000080900000| Untracked 
|  10|0x0000000080a00000, 0x0000000080b00000, 0x0000000080b00000|100%| O|  |TAMS 0x0000000080b00000, 0x0000000080a00000| Untracked 
|  11|0x0000000080b00000, 0x0000000080c00000, 0x0000000080c00000|100%| O|  |TAMS 0x0000000080b00000, 0x0000000080b00000| Untracked 
|  12|0x0000000080c00000, 0x0000000080d00000, 0x0000000080d00000|100%| O|  |TAMS 0x0000000080d00000, 0x0000000080c00000| Untracked 
|  13|0x0000000080d00000, 0x0000000080e00000, 0x0000000080e00000|100%| O|  |TAMS 0x0000000080e00000, 0x0000000080d00000| Untracked 
|  14|0x0000000080e00000, 0x0000000080f00000, 0x0000000080f00000|100%| O|  |TAMS 0x0000000080f00000, 0x0000000080e00000| Untracked 
|  15|0x0000000080f00000, 0x0000000081000000, 0x0000000081000000|100%| O|  |TAMS 0x0000000081000000, 0x0000000080f00000| Untracked 
|  16|0x0000000081000000, 0x0000000081100000, 0x0000000081100000|100%| O|  |TAMS 0x0000000081100000, 0x0000000081000000| Untracked 
|  17|0x0000000081100000, 0x0000000081200000, 0x0000000081200000|100%| O|  |TAMS 0x0000000081200000, 0x0000000081100000| Untracked 
|  18|0x0000000081200000, 0x0000000081300000, 0x0000000081300000|100%| O|  |TAMS 0x0000000081300000, 0x0000000081200000| Untracked 
|  19|0x0000000081300000, 0x0000000081400000, 0x0000000081400000|100%| O|  |TAMS 0x0000000081400000, 0x0000000081300000| Untracked 
|  20|0x0000000081400000, 0x0000000081500000, 0x0000000081500000|100%| O|  |TAMS 0x0000000081400000, 0x0000000081400000| Untracked 
|  21|0x0000000081500000, 0x0000000081600000, 0x0000000081600000|100%| O|  |TAMS 0x0000000081500000, 0x0000000081500000| Untracked 
|  22|0x0000000081600000, 0x0000000081700000, 0x0000000081700000|100%| O|  |TAMS 0x0000000081600000, 0x0000000081600000| Untracked 
|  23|0x0000000081700000, 0x0000000081800000, 0x0000000081800000|100%| O|  |TAMS 0x0000000081700000, 0x0000000081700000| Untracked 
|  24|0x0000000081800000, 0x0000000081900000, 0x0000000081900000|100%| O|  |TAMS 0x0000000081800000, 0x0000000081800000| Untracked 
|  25|0x0000000081900000, 0x0000000081a00000, 0x0000000081a00000|100%| O|  |TAMS 0x0000000081900000, 0x0000000081900000| Untracked 
|  26|0x0000000081a00000, 0x0000000081b00000, 0x0000000081b00000|100%| O|  |TAMS 0x0000000081a00000, 0x0000000081a00000| Untracked 
|  27|0x0000000081b00000, 0x0000000081c00000, 0x0000000081c00000|100%| O|  |TAMS 0x0000000081b00000, 0x0000000081b00000| Untracked 
|  28|0x0000000081c00000, 0x0000000081c2b600, 0x0000000081d00000| 16%| O|  |TAMS 0x0000000081c00000, 0x0000000081c00000| Untracked 
|  29|0x0000000081d00000, 0x0000000081d00000, 0x0000000081e00000|  0%| F|  |TAMS 0x0000000081d00000, 0x0000000081d00000| Untracked 
|  30|0x0000000081e00000, 0x0000000081e00000, 0x0000000081f00000|  0%| F|  |TAMS 0x0000000081e00000, 0x0000000081e00000| Untracked 
|  31|0x0000000081f00000, 0x0000000081f00000, 0x0000000082000000|  0%| F|  |TAMS 0x0000000081f00000, 0x0000000081f00000| Untracked 
|  32|0x0000000082000000, 0x0000000082000000, 0x0000000082100000|  0%| F|  |TAMS 0x0000000082000000, 0x0000000082000000| Untracked 
|  33|0x0000000082100000, 0x0000000082100000, 0x0000000082200000|  0%| F|  |TAMS 0x0000000082100000, 0x0000000082100000| Untracked 
|  34|0x0000000082200000, 0x0000000082200000, 0x0000000082300000|  0%| F|  |TAMS 0x0000000082200000, 0x0000000082200000| Untracked 
|  35|0x0000000082300000, 0x0000000082300000, 0x0000000082400000|  0%| F|  |TAMS 0x0000000082300000, 0x0000000082300000| Untracked 
|  36|0x0000000082400000, 0x0000000082400000, 0x0000000082500000|  0%| F|  |TAMS 0x0000000082400000, 0x0000000082400000| Untracked 
|  37|0x0000000082500000, 0x0000000082524c60, 0x0000000082600000| 14%| S|CS|TAMS 0x0000000082500000, 0x0000000082500000| Complete 
|  38|0x0000000082600000, 0x0000000082600000, 0x0000000082700000|  0%| F|  |TAMS 0x0000000082600000, 0x0000000082600000| Untracked 
|  39|0x0000000082700000, 0x0000000082700000, 0x0000000082800000|  0%| F|  |TAMS 0x0000000082700000, 0x0000000082700000| Untracked 
|  40|0x0000000082800000, 0x0000000082900000, 0x0000000082900000|100%| S|CS|TAMS 0x0000000082800000, 0x0000000082800000| Complete 
|  41|0x0000000082900000, 0x0000000082a00000, 0x0000000082a00000|100%| S|CS|TAMS 0x0000000082900000, 0x0000000082900000| Complete 
|  42|0x0000000082a00000, 0x0000000082a00000, 0x0000000082b00000|  0%| F|  |TAMS 0x0000000082a00000, 0x0000000082a00000| Untracked 
|  43|0x0000000082b00000, 0x0000000082b00000, 0x0000000082c00000|  0%| F|  |TAMS 0x0000000082b00000, 0x0000000082b00000| Untracked 
|  44|0x0000000082c00000, 0x0000000082d00000, 0x0000000082d00000|100%| S|CS|TAMS 0x0000000082c00000, 0x0000000082c00000| Complete 
|  45|0x0000000082d00000, 0x0000000082d00000, 0x0000000082e00000|  0%| F|  |TAMS 0x0000000082d00000, 0x0000000082d00000| Untracked 
|  46|0x0000000082e00000, 0x0000000082e00000, 0x0000000082f00000|  0%| F|  |TAMS 0x0000000082e00000, 0x0000000082e00000| Untracked 
|  47|0x0000000082f00000, 0x0000000082f00000, 0x0000000083000000|  0%| F|  |TAMS 0x0000000082f00000, 0x0000000082f00000| Untracked 
|  48|0x0000000083000000, 0x0000000083000000, 0x0000000083100000|  0%| F|  |TAMS 0x0000000083000000, 0x0000000083000000| Untracked 
|  49|0x0000000083100000, 0x0000000083100000, 0x0000000083200000|  0%| F|  |TAMS 0x0000000083100000, 0x0000000083100000| Untracked 
|  50|0x0000000083200000, 0x0000000083200000, 0x0000000083300000|  0%| F|  |TAMS 0x0000000083200000, 0x0000000083200000| Untracked 
|  51|0x0000000083300000, 0x0000000083300000, 0x0000000083400000|  0%| F|  |TAMS 0x0000000083300000, 0x0000000083300000| Untracked 
|  52|0x0000000083400000, 0x00000000834cdfe0, 0x0000000083500000| 80%| E|  |TAMS 0x0000000083400000, 0x0000000083400000| Complete 
|  53|0x0000000083500000, 0x0000000083600000, 0x0000000083600000|100%| E|CS|TAMS 0x0000000083500000, 0x0000000083500000| Complete 
|  54|0x0000000083600000, 0x0000000083700000, 0x0000000083700000|100%| E|CS|TAMS 0x0000000083600000, 0x0000000083600000| Complete 
|  55|0x0000000083700000, 0x0000000083800000, 0x0000000083800000|100%| E|CS|TAMS 0x0000000083700000, 0x0000000083700000| Complete 
|  56|0x0000000083800000, 0x0000000083900000, 0x0000000083900000|100%| E|CS|TAMS 0x0000000083800000, 0x0000000083800000| Complete 
|  57|0x0000000083900000, 0x0000000083a00000, 0x0000000083a00000|100%| E|CS|TAMS 0x0000000083900000, 0x0000000083900000| Complete 
|  78|0x0000000084e00000, 0x0000000084f00000, 0x0000000084f00000|100%| E|CS|TAMS 0x0000000084e00000, 0x0000000084e00000| Complete 
|  79|0x0000000084f00000, 0x0000000085000000, 0x0000000085000000|100%| E|CS|TAMS 0x0000000084f00000, 0x0000000084f00000| Complete 
|  80|0x0000000085000000, 0x0000000085100000, 0x0000000085100000|100%| E|CS|TAMS 0x0000000085000000, 0x0000000085000000| Complete 
|  81|0x0000000085100000, 0x0000000085200000, 0x0000000085200000|100%| E|CS|TAMS 0x0000000085100000, 0x0000000085100000| Complete 
|  82|0x0000000085200000, 0x0000000085300000, 0x0000000085300000|100%| E|CS|TAMS 0x0000000085200000, 0x0000000085200000| Complete 
|  83|0x0000000085300000, 0x0000000085400000, 0x0000000085400000|100%| E|CS|TAMS 0x0000000085300000, 0x0000000085300000| Complete 
|  84|0x0000000085400000, 0x0000000085500000, 0x0000000085500000|100%| E|CS|TAMS 0x0000000085400000, 0x0000000085400000| Complete 
|  85|0x0000000085500000, 0x0000000085600000, 0x0000000085600000|100%| E|CS|TAMS 0x0000000085500000, 0x0000000085500000| Complete 
| 127|0x0000000087f00000, 0x0000000088000000, 0x0000000088000000|100%| E|CS|TAMS 0x0000000087f00000, 0x0000000087f00000| Complete 

Card table byte_map: [0x0000020c79300000,0x0000020c79700000] _byte_map_base: 0x0000020c78f00000

Marking Bits (Prev, Next): (CMBitMap*) 0x0000020c73c67f50, (CMBitMap*) 0x0000020c73c67f90
 Prev Bits: [0x0000020c79b00000, 0x0000020c7bb00000)
 Next Bits: [0x0000020c7bb00000, 0x0000020c7db00000)

Polling page: 0x0000020c73ce0000

Metaspace:

Usage:
  Non-class:     43.32 MB used.
      Class:      6.70 MB used.
       Both:     50.02 MB used.

Virtual space:
  Non-class space:       48.00 MB reserved,      43.56 MB ( 91%) committed,  6 nodes.
      Class space:        1.00 GB reserved,       6.88 MB ( <1%) committed,  1 nodes.
             Both:        1.05 GB reserved,      50.44 MB (  5%) committed. 

Chunk freelists:
   Non-Class:  256.00 KB
       Class:  1.05 MB
        Both:  1.30 MB

MaxMetaspaceSize: unlimited
CompressedClassSpaceSize: 1.00 GB
Initial GC threshold: 21.00 MB
Current GC threshold: 59.00 MB
CDS: off
MetaspaceReclaimPolicy: balanced
 - commit_granule_bytes: 65536.
 - commit_granule_words: 8192.
 - virtual_space_node_default_size: 1048576.
 - enlarge_chunks_in_place: 1.
 - new_chunks_are_fully_committed: 0.
 - uncommit_free_chunks: 1.
 - use_allocation_guard: 0.
 - handle_deallocations: 1.


Internal statistics:

num_allocs_failed_limit: 6.
num_arena_births: 544.
num_arena_deaths: 0.
num_vsnodes_births: 7.
num_vsnodes_deaths: 0.
num_space_committed: 807.
num_space_uncommitted: 0.
num_chunks_returned_to_freelist: 6.
num_chunks_taken_from_freelist: 2157.
num_chunk_merges: 6.
num_chunk_splits: 1444.
num_chunks_enlarged: 986.
num_purges: 0.
num_inconsistent_stats: 0.

CodeHeap 'non-profiled nmethods': size=120000Kb used=2468Kb max_used=2468Kb free=117531Kb
 bounds [0x0000020c07ad0000, 0x0000020c07d40000, 0x0000020c0f000000]
CodeHeap 'profiled nmethods': size=120000Kb used=8969Kb max_used=8969Kb free=111030Kb
 bounds [0x0000020c00000000, 0x0000020c008d0000, 0x0000020c07530000]
CodeHeap 'non-nmethods': size=5760Kb used=2306Kb max_used=2362Kb free=3454Kb
 bounds [0x0000020c07530000, 0x0000020c077a0000, 0x0000020c07ad0000]
 total_blobs=5185 nmethods=4363 adapters=734
 compilation: enabled
              stopped_count=0, restarted_count=0
 full_count=0

Compilation events (20 events):
Event: 18.169 Thread 0x0000020c0fc111f0 4361       3       com.google.common.collect.Iterators$9::hasNext (13 bytes)
Event: 18.169 Thread 0x0000020c0fc111f0 nmethod 4361 0x0000020c008bad90 code [0x0000020c008baf20, 0x0000020c008bb098]
Event: 18.169 Thread 0x0000020c0fc111f0 4362       1       org.gradle.api.attributes.Attribute::hashCode (5 bytes)
Event: 18.169 Thread 0x0000020c0fc111f0 nmethod 4362 0x0000020c07d37c90 code [0x0000020c07d37e20, 0x0000020c07d37ef8]
Event: 18.174 Thread 0x0000020c0fc0aaa0 nmethod 4357% 0x0000020c07d37f90 code [0x0000020c07d38140, 0x0000020c07d38a78]
Event: 18.296 Thread 0x0000020c0fc111f0 4363       3       java.lang.invoke.MethodHandles$Lookup::makeHiddenClassDefiner (22 bytes)
Event: 18.296 Thread 0x0000020c0fc111f0 nmethod 4363 0x0000020c008bb110 code [0x0000020c008bb2c0, 0x0000020c008bb4a8]
Event: 18.298 Thread 0x0000020c0fc0aaa0 4364       4       org.gradle.internal.service.DefaultServiceRegistry$OwnServices::getService (309 bytes)
Event: 18.334 Thread 0x0000020c0fc111f0 4365       3       java.net.URI::match (56 bytes)
Event: 18.335 Thread 0x0000020c0fc111f0 nmethod 4365 0x0000020c008bb610 code [0x0000020c008bb7c0, 0x0000020c008bbab8]
Event: 18.340 Thread 0x0000020c0fc111f0 4366       3       sun.nio.fs.WindowsPath::isEmpty (8 bytes)
Event: 18.340 Thread 0x0000020c0fc111f0 nmethod 4366 0x0000020c008bbb90 code [0x0000020c008bbd40, 0x0000020c008bbf18]
Event: 18.369 Thread 0x0000020c0fc111f0 4368       3       com.google.common.cache.LocalCache::usesWriteQueue (5 bytes)
Event: 18.370 Thread 0x0000020c0fc111f0 nmethod 4368 0x0000020c008bc010 code [0x0000020c008bc1a0, 0x0000020c008bc398]
Event: 18.416 Thread 0x0000020c0fc111f0 4370       3       java.lang.invoke.LambdaForm$DMH/0x0000000100275400::invokeStatic (31 bytes)
Event: 18.416 Thread 0x0000020c0fc111f0 nmethod 4370 0x0000020c008bc490 code [0x0000020c008bc660, 0x0000020c008bcab8]
Event: 18.427 Thread 0x0000020c0fc111f0 4371       3       java.lang.invoke.InnerClassLambdaMetafactory$ForwardingMethodGenerator::invocationOpcode (104 bytes)
Event: 18.427 Thread 0x0000020c0fc111f0 nmethod 4371 0x0000020c008bcc10 code [0x0000020c008bce60, 0x0000020c008bd698]
Event: 18.427 Thread 0x0000020c0fc111f0 4372       3       java.lang.invoke.MethodHandles$Lookup::defineHiddenClass (69 bytes)
Event: 18.428 Thread 0x0000020c0fc111f0 nmethod 4372 0x0000020c008bd990 code [0x0000020c008bdc80, 0x0000020c008bea18]

GC Heap History (20 events):
Event: 6.910 GC heap before
{Heap before GC invocations=5 (full 0):
 garbage-first heap   total 68608K, used 50190K [0x0000000080000000, 0x0000000100000000)
  region size 1024K, 40 young (40960K), 8 survivors (8192K)
 Metaspace       used 26355K, committed 26688K, reserved 1073152K
  class space    used 3477K, committed 3648K, reserved 1048576K
}
Event: 6.918 GC heap after
{Heap after GC invocations=6 (full 0):
 garbage-first heap   total 68608K, used 20244K [0x0000000080000000, 0x0000000100000000)
  region size 1024K, 3 young (3072K), 3 survivors (3072K)
 Metaspace       used 26355K, committed 26688K, reserved 1073152K
  class space    used 3477K, committed 3648K, reserved 1048576K
}
Event: 6.971 GC heap before
{Heap before GC invocations=6 (full 0):
 garbage-first heap   total 68608K, used 21268K [0x0000000080000000, 0x0000000100000000)
  region size 1024K, 4 young (4096K), 3 survivors (3072K)
 Metaspace       used 26526K, committed 26816K, reserved 1073152K
  class space    used 3504K, committed 3648K, reserved 1048576K
}
Event: 6.976 GC heap after
{Heap after GC invocations=7 (full 0):
 garbage-first heap   total 68608K, used 20307K [0x0000000080000000, 0x0000000100000000)
  region size 1024K, 1 young (1024K), 1 survivors (1024K)
 Metaspace       used 26526K, committed 26816K, reserved 1073152K
  class space    used 3504K, committed 3648K, reserved 1048576K
}
Event: 8.516 GC heap before
{Heap before GC invocations=7 (full 0):
 garbage-first heap   total 68608K, used 46931K [0x0000000080000000, 0x0000000100000000)
  region size 1024K, 27 young (27648K), 1 survivors (1024K)
 Metaspace       used 30630K, committed 30912K, reserved 1081344K
  class space    used 4168K, committed 4288K, reserved 1048576K
}
Event: 8.520 GC heap after
{Heap after GC invocations=8 (full 0):
 garbage-first heap   total 68608K, used 21528K [0x0000000080000000, 0x0000000100000000)
  region size 1024K, 2 young (2048K), 2 survivors (2048K)
 Metaspace       used 30630K, committed 30912K, reserved 1081344K
  class space    used 4168K, committed 4288K, reserved 1048576K
}
Event: 11.347 GC heap before
{Heap before GC invocations=8 (full 0):
 garbage-first heap   total 68608K, used 49176K [0x0000000080000000, 0x0000000100000000)
  region size 1024K, 29 young (29696K), 2 survivors (2048K)
 Metaspace       used 35333K, committed 35712K, reserved 1081344K
  class space    used 4874K, committed 5056K, reserved 1048576K
}
Event: 11.352 GC heap after
{Heap after GC invocations=9 (full 0):
 garbage-first heap   total 68608K, used 23730K [0x0000000080000000, 0x0000000100000000)
  region size 1024K, 4 young (4096K), 4 survivors (4096K)
 Metaspace       used 35333K, committed 35712K, reserved 1081344K
  class space    used 4874K, committed 5056K, reserved 1048576K
}
Event: 11.370 GC heap before
{Heap before GC invocations=9 (full 0):
 garbage-first heap   total 68608K, used 23730K [0x0000000080000000, 0x0000000100000000)
  region size 1024K, 5 young (5120K), 4 survivors (4096K)
 Metaspace       used 35630K, committed 35968K, reserved 1081344K
  class space    used 4877K, committed 5056K, reserved 1048576K
}
Event: 11.375 GC heap after
{Heap after GC invocations=10 (full 0):
 garbage-first heap   total 68608K, used 24108K [0x0000000080000000, 0x0000000100000000)
  region size 1024K, 1 young (1024K), 1 survivors (1024K)
 Metaspace       used 35630K, committed 35968K, reserved 1081344K
  class space    used 4877K, committed 5056K, reserved 1048576K
}
Event: 12.559 GC heap before
{Heap before GC invocations=11 (full 0):
 garbage-first heap   total 68608K, used 51756K [0x0000000080000000, 0x0000000100000000)
  region size 1024K, 29 young (29696K), 1 survivors (1024K)
 Metaspace       used 40435K, committed 40768K, reserved 1089536K
  class space    used 5362K, committed 5504K, reserved 1048576K
}
Event: 12.566 GC heap after
{Heap after GC invocations=12 (full 0):
 garbage-first heap   total 68608K, used 27616K [0x0000000080000000, 0x0000000100000000)
  region size 1024K, 4 young (4096K), 4 survivors (4096K)
 Metaspace       used 40435K, committed 40768K, reserved 1089536K
  class space    used 5362K, committed 5504K, reserved 1048576K
}
Event: 12.575 GC heap before
{Heap before GC invocations=12 (full 0):
 garbage-first heap   total 68608K, used 28640K [0x0000000080000000, 0x0000000100000000)
  region size 1024K, 5 young (5120K), 4 survivors (4096K)
 Metaspace       used 40446K, committed 40768K, reserved 1089536K
  class space    used 5362K, committed 5504K, reserved 1048576K
}
Event: 12.584 GC heap after
{Heap after GC invocations=13 (full 0):
 garbage-first heap   total 68608K, used 27299K [0x0000000080000000, 0x0000000100000000)
  region size 1024K, 1 young (1024K), 1 survivors (1024K)
 Metaspace       used 40446K, committed 40768K, reserved 1089536K
  class space    used 5362K, committed 5504K, reserved 1048576K
}
Event: 14.228 GC heap before
{Heap before GC invocations=13 (full 0):
 garbage-first heap   total 68608K, used 53923K [0x0000000080000000, 0x0000000100000000)
  region size 1024K, 25 young (25600K), 1 survivors (1024K)
 Metaspace       used 43209K, committed 43584K, reserved 1089536K
  class space    used 5672K, committed 5824K, reserved 1048576K
}
Event: 14.231 GC heap after
{Heap after GC invocations=14 (full 0):
 garbage-first heap   total 68608K, used 28889K [0x0000000080000000, 0x0000000100000000)
  region size 1024K, 2 young (2048K), 2 survivors (2048K)
 Metaspace       used 43209K, committed 43584K, reserved 1089536K
  class space    used 5672K, committed 5824K, reserved 1048576K
}
Event: 16.281 GC heap before
{Heap before GC invocations=14 (full 0):
 garbage-first heap   total 68608K, used 52441K [0x0000000080000000, 0x0000000100000000)
  region size 1024K, 25 young (25600K), 2 survivors (2048K)
 Metaspace       used 46124K, committed 46528K, reserved 1089536K
  class space    used 6056K, committed 6272K, reserved 1048576K
}
Event: 16.286 GC heap after
{Heap after GC invocations=15 (full 0):
 garbage-first heap   total 68608K, used 30615K [0x0000000080000000, 0x0000000100000000)
  region size 1024K, 4 young (4096K), 4 survivors (4096K)
 Metaspace       used 46124K, committed 46528K, reserved 1089536K
  class space    used 6056K, committed 6272K, reserved 1048576K
}
Event: 17.695 GC heap before
{Heap before GC invocations=15 (full 0):
 garbage-first heap   total 68608K, used 53143K [0x0000000080000000, 0x0000000100000000)
  region size 1024K, 26 young (26624K), 4 survivors (4096K)
 Metaspace       used 49237K, committed 49664K, reserved 1097728K
  class space    used 6572K, committed 6784K, reserved 1048576K
}
Event: 17.701 GC heap after
{Heap after GC invocations=16 (full 0):
 garbage-first heap   total 68608K, used 32064K [0x0000000080000000, 0x0000000100000000)
  region size 1024K, 4 young (4096K), 4 survivors (4096K)
 Metaspace       used 49237K, committed 49664K, reserved 1097728K
  class space    used 6572K, committed 6784K, reserved 1048576K
}

Dll operation events (2 events):
Event: 0.024 Loaded shared library C:\Program Files\Android\Android Studio\jbr\bin\java.dll
Event: 1.005 Loaded shared library C:\Program Files\Android\Android Studio\jbr\bin\verify.dll

Deoptimization events (20 events):
Event: 18.097 Thread 0x0000020c116b4500 Uncommon trap: trap_request=0xffffffcc fr.pc=0x0000020c07d34ae4 relative=0x0000000000000344
Event: 18.097 Thread 0x0000020c116b4500 Uncommon trap: reason=intrinsic_or_type_checked_inlining action=make_not_entrant pc=0x0000020c07d34ae4 method=java.util.Arrays.copyOf([Ljava/lang/Object;ILjava/lang/Class;)[Ljava/lang/Object; @ 35 c2
Event: 18.097 Thread 0x0000020c116b4500 DEOPT PACKING pc=0x0000020c07d34ae4 sp=0x000000b4530f8f90
Event: 18.097 Thread 0x0000020c116b4500 DEOPT UNPACKING pc=0x0000020c075869a3 sp=0x000000b4530f8f20 mode 2
Event: 18.160 Thread 0x0000020c116b4500 Uncommon trap: trap_request=0xffffff76 fr.pc=0x0000020c07c006ac relative=0x000000000000026c
Event: 18.160 Thread 0x0000020c116b4500 Uncommon trap: reason=predicate action=maybe_recompile pc=0x0000020c07c006ac method=com.google.common.base.CharMatcher.indexIn(Ljava/lang/CharSequence;I)I @ 19 c2
Event: 18.160 Thread 0x0000020c116b4500 DEOPT PACKING pc=0x0000020c07c006ac sp=0x000000b4530f9c20
Event: 18.160 Thread 0x0000020c116b4500 DEOPT UNPACKING pc=0x0000020c075869a3 sp=0x000000b4530f9bc8 mode 2
Event: 18.325 Thread 0x0000020c116b4500 Uncommon trap: trap_request=0xffffff45 fr.pc=0x0000020c07b491f4 relative=0x00000000000001d4
Event: 18.325 Thread 0x0000020c116b4500 Uncommon trap: reason=unstable_if action=reinterpret pc=0x0000020c07b491f4 method=java.net.URI$Parser.scan(IILjava/lang/String;)I @ 26 c2
Event: 18.325 Thread 0x0000020c116b4500 DEOPT PACKING pc=0x0000020c07b491f4 sp=0x000000b4530f87a0
Event: 18.325 Thread 0x0000020c116b4500 DEOPT UNPACKING pc=0x0000020c075869a3 sp=0x000000b4530f8730 mode 2
Event: 18.325 Thread 0x0000020c116b4500 Uncommon trap: trap_request=0xffffff45 fr.pc=0x0000020c07b281d0 relative=0x0000000000000130
Event: 18.325 Thread 0x0000020c116b4500 Uncommon trap: reason=unstable_if action=reinterpret pc=0x0000020c07b281d0 method=java.net.URI.match(CJJ)Z @ 45 c2
Event: 18.325 Thread 0x0000020c116b4500 DEOPT PACKING pc=0x0000020c07b281d0 sp=0x000000b4530f8510
Event: 18.325 Thread 0x0000020c116b4500 DEOPT UNPACKING pc=0x0000020c075869a3 sp=0x000000b4530f8448 mode 2
Event: 18.326 Thread 0x0000020c116b4500 Uncommon trap: trap_request=0xffffff45 fr.pc=0x0000020c07af064c relative=0x000000000000004c
Event: 18.326 Thread 0x0000020c116b4500 Uncommon trap: reason=unstable_if action=reinterpret pc=0x0000020c07af064c method=java.net.URI.match(CJJ)Z @ 19 c2
Event: 18.326 Thread 0x0000020c116b4500 DEOPT PACKING pc=0x0000020c07af064c sp=0x000000b4530f8520
Event: 18.326 Thread 0x0000020c116b4500 DEOPT UNPACKING pc=0x0000020c075869a3 sp=0x000000b4530f84d0 mode 2

Classes unloaded (0 events):
No events

Classes redefined (0 events):
No events

Internal exceptions (20 events):
Event: 13.433 Thread 0x0000020c116b4500 Exception <a 'java/lang/NoSuchMethodError'{0x00000000831b6188}: 'java.lang.Object java.lang.invoke.DirectMethodHandle$Holder.invokeStatic(java.lang.Object, java.lang.Object, java.lang.Object, java.lang.Object, java.lang.Object, java.lang.Object, java.lang.Object, java.lang.Object, java.lang.Object, java.lang.Object, java.lang.Object, java.lang.Object, java.lang.Object, java.lang.Object, java.lang.Object, java.lang.Object, java.lang.Object)'> (0x00000000831b6188) 
thrown [s\src\hotspot\share\interpreter\lin
Event: 13.448 Thread 0x0000020c116b4500 Exception <a 'java/lang/NoSuchMethodError'{0x00000000831ddb00}: 'java.lang.Object java.lang.invoke.DirectMethodHandle$Holder.invokeStatic(java.lang.Object, java.lang.Object, java.lang.Object, java.lang.Object, java.lang.Object, java.lang.Object, java.lang.Object, java.lang.Object, java.lang.Object, java.lang.Object, java.lang.Object, java.lang.Object, java.lang.Object, java.lang.Object, java.lang.Object, java.lang.Object, java.lang.Object, java.lang.Object)'> (0x00000000831ddb00) 
thrown [s\src\hotspot\sha
Event: 13.463 Thread 0x0000020c116b4500 Exception <a 'java/lang/NoSuchMethodError'{0x0000000083006368}: 'java.lang.Object java.lang.invoke.DirectMethodHandle$Holder.invokeStatic(java.lang.Object, java.lang.Object, java.lang.Object, java.lang.Object, java.lang.Object, java.lang.Object, java.lang.Object, java.lang.Object, java.lang.Object, java.lang.Object, java.lang.Object, java.lang.Object, java.lang.Object, java.lang.Object, java.lang.Object, java.lang.Object, java.lang.Object, java.lang.Object, java.lang.Object)'> (0x0000000083006368) 
thrown 
Event: 13.481 Thread 0x0000020c116b4500 Exception <a 'java/lang/NoSuchMethodError'{0x000000008302f9c8}: 'java.lang.Object java.lang.invoke.DirectMethodHandle$Holder.invokeStatic(java.lang.Object, java.lang.Object, java.lang.Object, java.lang.Object, java.lang.Object, java.lang.Object, java.lang.Object, java.lang.Object, java.lang.Object, java.lang.Object, java.lang.Object, java.lang.Object, java.lang.Object, java.lang.Object, java.lang.Object, java.lang.Object, java.lang.Object, java.lang.Object, java.lang.Object, java.lang.Object)'> (0x00000000
Event: 13.501 Thread 0x0000020c116b4500 Exception <a 'java/lang/NoSuchMethodError'{0x000000008305a088}: 'java.lang.Object java.lang.invoke.DirectMethodHandle$Holder.invokeStatic(java.lang.Object, java.lang.Object, java.lang.Object, java.lang.Object, java.lang.Object, java.lang.Object, java.lang.Object, java.lang.Object, java.lang.Object, java.lang.Object, java.lang.Object, java.lang.Object, java.lang.Object, java.lang.Object, java.lang.Object, java.lang.Object, java.lang.Object, java.lang.Object, java.lang.Object, java.lang.Object, java.lang.Obj
Event: 13.509 Thread 0x0000020c116b4500 Exception <a 'java/lang/NoSuchMethodError'{0x0000000083085328}: 'java.lang.Object java.lang.invoke.DirectMethodHandle$Holder.invokeStatic(java.lang.Object, java.lang.Object, java.lang.Object, java.lang.Object, java.lang.Object, java.lang.Object, java.lang.Object, java.lang.Object, java.lang.Object, java.lang.Object, java.lang.Object, java.lang.Object, java.lang.Object, java.lang.Object, java.lang.Object, java.lang.Object, java.lang.Object, java.lang.Object, java.lang.Object, java.lang.Object, java.lang.Obj
Event: 13.517 Thread 0x0000020c116b4500 Exception <a 'java/lang/NoSuchMethodError'{0x00000000830b1e20}: 'java.lang.Object java.lang.invoke.DirectMethodHandle$Holder.invokeStatic(java.lang.Object, java.lang.Object, java.lang.Object, java.lang.Object, java.lang.Object, java.lang.Object, java.lang.Object, java.lang.Object, java.lang.Object, java.lang.Object, java.lang.Object, java.lang.Object, java.lang.Object, java.lang.Object, java.lang.Object, java.lang.Object, java.lang.Object, java.lang.Object, java.lang.Object, java.lang.Object, java.lang.Obj
Event: 13.524 Thread 0x0000020c116b4500 Exception <a 'java/lang/NoSuchMethodError'{0x00000000830e01d0}: 'java.lang.Object java.lang.invoke.DirectMethodHandle$Holder.invokeStatic(java.lang.Object, java.lang.Object, java.lang.Object, java.lang.Object, java.lang.Object, java.lang.Object, java.lang.Object, java.lang.Object, java.lang.Object, java.lang.Object, java.lang.Object, java.lang.Object, java.lang.Object, java.lang.Object, java.lang.Object, java.lang.Object, java.lang.Object, java.lang.Object, java.lang.Object, java.lang.Object, java.lang.Obj
Event: 14.932 Thread 0x0000020c116b4500 Exception <a 'java/lang/IncompatibleClassChangeError'{0x0000000085051710}: Found class java.lang.Object, but interface was expected> (0x0000000085051710) 
thrown [s\src\hotspot\share\interpreter\linkResolver.cpp, line 838]
Event: 15.806 Thread 0x0000020c116b4500 Exception <a 'java/lang/IncompatibleClassChangeError'{0x00000000838f3cb0}: Found class java.lang.Object, but interface was expected> (0x00000000838f3cb0) 
thrown [s\src\hotspot\share\interpreter\linkResolver.cpp, line 838]
Event: 15.843 Thread 0x0000020c116b4500 Exception <a 'java/lang/NoSuchMethodError'{0x000000008364d668}: 'int java.lang.invoke.DirectMethodHandle$Holder.invokeStaticInit(java.lang.Object, java.lang.Object, java.lang.Object, java.lang.Object, java.lang.Object)'> (0x000000008364d668) 
thrown [s\src\hotspot\share\interpreter\linkResolver.cpp, line 771]
Event: 16.075 Thread 0x0000020c116b4500 Implicit null exception at 0x0000020c07c491ec to 0x0000020c07c49290
Event: 16.299 Thread 0x0000020c116b4500 Exception <a 'java/lang/NoSuchMethodError'{0x0000000087f9aa08}: 'void java.lang.invoke.DirectMethodHandle$Holder.invokeInterface(java.lang.Object, java.lang.Object)'> (0x0000000087f9aa08) 
thrown [s\src\hotspot\share\interpreter\linkResolver.cpp, line 771]
Event: 16.300 Thread 0x0000020c116b4500 Exception <a 'java/lang/IncompatibleClassChangeError'{0x0000000087fa5db8}: Found class java.lang.Object, but interface was expected> (0x0000000087fa5db8) 
thrown [s\src\hotspot\share\interpreter\linkResolver.cpp, line 838]
Event: 16.363 Thread 0x0000020c116b4500 Exception <a 'java/lang/NoSuchMethodError'{0x000000008542d1b8}: 'java.lang.Object java.lang.invoke.DirectMethodHandle$Holder.newInvokeSpecial(java.lang.Object, int, java.lang.Object)'> (0x000000008542d1b8) 
thrown [s\src\hotspot\share\interpreter\linkResolver.cpp, line 771]
Event: 17.074 Thread 0x0000020c121d6a30 Exception <a 'java/lang/NoSuchMethodError'{0x000000008357be68}: static Lorg/gradle/internal/build/event/types/DefaultOperationStartedProgressEvent;.<clinit>()V> (0x000000008357be68) 
thrown [s\src\hotspot\share\prims\jni.cpp, line 1108]
Event: 17.075 Thread 0x0000020c121d6a30 Exception <a 'java/lang/NoSuchMethodError'{0x000000008357d748}: static Lorg/gradle/internal/build/event/types/AbstractProgressEvent;.<clinit>()V> (0x000000008357d748) 
thrown [s\src\hotspot\share\prims\jni.cpp, line 1108]
Event: 17.077 Thread 0x0000020c121d6a30 Exception <a 'java/lang/NoSuchMethodError'{0x000000008358ff10}: static Lorg/gradle/internal/build/event/types/DefaultProjectConfigurationDescriptor;.<clinit>()V> (0x000000008358ff10) 
thrown [s\src\hotspot\share\prims\jni.cpp, line 1108]
Event: 17.077 Thread 0x0000020c121d6a30 Exception <a 'java/lang/NoSuchMethodError'{0x00000000835924c0}: static Lorg/gradle/internal/build/event/types/DefaultOperationDescriptor;.<clinit>()V> (0x00000000835924c0) 
thrown [s\src\hotspot\share\prims\jni.cpp, line 1108]
Event: 17.079 Thread 0x0000020c121d6a30 Exception <a 'java/lang/NoSuchMethodError'{0x00000000835aa290}: static Lorg/gradle/internal/operations/OperationIdentifier;.<clinit>()V> (0x00000000835aa290) 
thrown [s\src\hotspot\share\prims\jni.cpp, line 1108]

VM Operations (20 events):
Event: 14.412 Executing VM operation: HandshakeAllThreads
Event: 14.412 Executing VM operation: HandshakeAllThreads done
Event: 14.934 Executing VM operation: HandshakeAllThreads
Event: 14.934 Executing VM operation: HandshakeAllThreads done
Event: 15.564 Executing VM operation: HandshakeAllThreads
Event: 15.564 Executing VM operation: HandshakeAllThreads done
Event: 15.564 Executing VM operation: Cleanup
Event: 15.564 Executing VM operation: Cleanup done
Event: 15.814 Executing VM operation: HandshakeAllThreads
Event: 15.814 Executing VM operation: HandshakeAllThreads done
Event: 16.025 Executing VM operation: HandshakeAllThreads
Event: 16.025 Executing VM operation: HandshakeAllThreads done
Event: 16.281 Executing VM operation: G1CollectForAllocation
Event: 16.287 Executing VM operation: G1CollectForAllocation done
Event: 16.946 Executing VM operation: HandshakeAllThreads
Event: 16.946 Executing VM operation: HandshakeAllThreads done
Event: 17.046 Executing VM operation: HandshakeAllThreads
Event: 17.046 Executing VM operation: HandshakeAllThreads done
Event: 17.694 Executing VM operation: G1CollectForAllocation
Event: 17.701 Executing VM operation: G1CollectForAllocation done

Events (20 events):
Event: 18.349 loading class java/io/DeleteOnExitHook$1
Event: 18.349 loading class java/io/DeleteOnExitHook$1 done
Event: 18.434 loading class javax/net/ssl/HostnameVerifier
Event: 18.436 loading class javax/net/ssl/HostnameVerifier done
Event: 18.445 loading class javax/net/ssl/TrustManager
Event: 18.447 loading class javax/net/ssl/TrustManager done
Event: 18.447 loading class javax/net/ssl/X509TrustManager
Event: 18.447 loading class javax/net/ssl/X509TrustManager done
Event: 18.451 loading class javax/net/ssl/SSLException
Event: 18.451 loading class javax/net/ssl/SSLException done
Event: 18.451 loading class java/security/cert/CertificateParsingException
Event: 18.454 loading class java/security/cert/CertificateException
Event: 18.454 loading class java/security/cert/CertificateException done
Event: 18.454 loading class java/security/cert/CertificateParsingException done
Event: 18.454 loading class javax/net/ssl/SSLPeerUnverifiedException
Event: 18.454 loading class javax/net/ssl/SSLPeerUnverifiedException done
Event: 18.455 loading class javax/naming/NamingException
Event: 18.457 loading class javax/naming/NamingException done
Event: 18.457 loading class javax/naming/InvalidNameException
Event: 18.457 loading class javax/naming/InvalidNameException done


Dynamic libraries:
0x00007ff6f91f0000 - 0x00007ff6f91fa000 	C:\Program Files\Android\Android Studio\jbr\bin\java.exe
0x00007ffc93730000 - 0x00007ffc93928000 	C:\WINDOWS\SYSTEM32\ntdll.dll
0x00007ffc91f70000 - 0x00007ffc9202d000 	C:\WINDOWS\System32\KERNEL32.DLL
0x00007ffc90f00000 - 0x00007ffc911f6000 	C:\WINDOWS\System32\KERNELBASE.dll
0x00007ffc912b0000 - 0x00007ffc913b0000 	C:\WINDOWS\System32\ucrtbase.dll
0x00007ffc57700000 - 0x00007ffc57717000 	C:\Program Files\Android\Android Studio\jbr\bin\jli.dll
0x00007ffc92280000 - 0x00007ffc9241e000 	C:\WINDOWS\System32\USER32.dll
0x00007ffc90ed0000 - 0x00007ffc90ef2000 	C:\WINDOWS\System32\win32u.dll
0x00007ffc93120000 - 0x00007ffc9314c000 	C:\WINDOWS\System32\GDI32.dll
0x00007ffc91640000 - 0x00007ffc9175a000 	C:\WINDOWS\System32\gdi32full.dll
0x00007ffc91510000 - 0x00007ffc915ad000 	C:\WINDOWS\System32\msvcp_win.dll
0x00007ffc29f00000 - 0x00007ffc29f1b000 	C:\Program Files\Android\Android Studio\jbr\bin\VCRUNTIME140.dll
0x00007ffc7fc90000 - 0x00007ffc7ff2a000 	C:\WINDOWS\WinSxS\amd64_microsoft.windows.common-controls_6595b64144ccf1df_6.0.19041.1110_none_60b5254171f9507e\COMCTL32.dll
0x00007ffc93220000 - 0x00007ffc932be000 	C:\WINDOWS\System32\msvcrt.dll
0x00007ffc931f0000 - 0x00007ffc93220000 	C:\WINDOWS\System32\IMM32.DLL
0x00007ffc4f5c0000 - 0x00007ffc4f5cc000 	C:\Program Files\Android\Android Studio\jbr\bin\vcruntime140_1.dll
0x00007ffc069b0000 - 0x00007ffc06a3d000 	C:\Program Files\Android\Android Studio\jbr\bin\msvcp140.dll
0x00007ffc01b30000 - 0x00007ffc0279e000 	C:\Program Files\Android\Android Studio\jbr\bin\server\jvm.dll
0x00007ffc93620000 - 0x00007ffc936ce000 	C:\WINDOWS\System32\ADVAPI32.dll
0x00007ffc93150000 - 0x00007ffc931ec000 	C:\WINDOWS\System32\sechost.dll
0x00007ffc92700000 - 0x00007ffc92826000 	C:\WINDOWS\System32\RPCRT4.dll
0x00007ffc7b3c0000 - 0x00007ffc7b3c9000 	C:\WINDOWS\SYSTEM32\WSOCK32.dll
0x00007ffc92a20000 - 0x00007ffc92a8b000 	C:\WINDOWS\System32\WS2_32.dll
0x00007ffc899d0000 - 0x00007ffc899da000 	C:\WINDOWS\SYSTEM32\VERSION.dll
0x00007ffc7f9d0000 - 0x00007ffc7f9f7000 	C:\WINDOWS\SYSTEM32\WINMM.dll
0x00007ffc8f660000 - 0x00007ffc8f672000 	C:\WINDOWS\SYSTEM32\kernel.appcore.dll
0x00007ffc8bff0000 - 0x00007ffc8bffa000 	C:\Program Files\Android\Android Studio\jbr\bin\jimage.dll
0x00007ffc8eb90000 - 0x00007ffc8ed74000 	C:\WINDOWS\SYSTEM32\DBGHELP.DLL
0x00007ffc7f8d0000 - 0x00007ffc7f904000 	C:\WINDOWS\SYSTEM32\dbgcore.DLL
0x00007ffc915b0000 - 0x00007ffc91632000 	C:\WINDOWS\System32\bcryptPrimitives.dll
0x00007ffc76ec0000 - 0x00007ffc76ee5000 	C:\Program Files\Android\Android Studio\jbr\bin\java.dll
0x00007ffc8ab20000 - 0x00007ffc8ab38000 	C:\Program Files\Android\Android Studio\jbr\bin\zip.dll
0x00007ffc91790000 - 0x00007ffc91ed5000 	C:\WINDOWS\System32\SHELL32.dll
0x00007ffc8ed80000 - 0x00007ffc8f51b000 	C:\WINDOWS\SYSTEM32\windows.storage.dll
0x00007ffc932c0000 - 0x00007ffc93614000 	C:\WINDOWS\System32\combase.dll
0x00007ffc90780000 - 0x00007ffc907ae000 	C:\WINDOWS\SYSTEM32\Wldp.dll
0x00007ffc93000000 - 0x00007ffc930ad000 	C:\WINDOWS\System32\SHCORE.dll
0x00007ffc921c0000 - 0x00007ffc92215000 	C:\WINDOWS\System32\shlwapi.dll
0x00007ffc90d40000 - 0x00007ffc90d65000 	C:\WINDOWS\SYSTEM32\profapi.dll
0x00007ffc794d0000 - 0x00007ffc794e9000 	C:\Program Files\Android\Android Studio\jbr\bin\net.dll
0x00007ffc81d50000 - 0x00007ffc81e5a000 	C:\WINDOWS\SYSTEM32\WINHTTP.dll
0x00007ffc904e0000 - 0x00007ffc9054a000 	C:\WINDOWS\system32\mswsock.dll
0x00007ffc6b870000 - 0x00007ffc6b886000 	C:\Program Files\Android\Android Studio\jbr\bin\nio.dll
0x00007ffc76eb0000 - 0x00007ffc76ec0000 	C:\Program Files\Android\Android Studio\jbr\bin\verify.dll
0x00007ffc2e220000 - 0x00007ffc2e247000 	C:\Users\shend\.gradle\native\68d5fa5c4cc2d200863cafc0d521ce42e7d3e7ee720ec0a83991735586a16f82\windows-amd64\native-platform.dll
0x00007ffbf2ec0000 - 0x00007ffbf3004000 	C:\Users\shend\.gradle\native\e376f236ea51e6404a007f0833ffe2c6e607c4080706a723a18a27aeea778392\windows-amd64\native-platform-file-events.dll
0x00007ffc666c0000 - 0x00007ffc666c9000 	C:\Program Files\Android\Android Studio\jbr\bin\management.dll
0x00007ffc666b0000 - 0x00007ffc666bb000 	C:\Program Files\Android\Android Studio\jbr\bin\management_ext.dll
0x00007ffc92ff0000 - 0x00007ffc92ff8000 	C:\WINDOWS\System32\PSAPI.DLL
0x00007ffc906d0000 - 0x00007ffc906e8000 	C:\WINDOWS\SYSTEM32\CRYPTSP.dll
0x00007ffc8fdf0000 - 0x00007ffc8fe24000 	C:\WINDOWS\system32\rsaenh.dll
0x00007ffc91760000 - 0x00007ffc91787000 	C:\WINDOWS\System32\bcrypt.dll
0x00007ffc90d00000 - 0x00007ffc90d2e000 	C:\WINDOWS\SYSTEM32\USERENV.dll
0x00007ffc906f0000 - 0x00007ffc906fc000 	C:\WINDOWS\SYSTEM32\CRYPTBASE.dll
0x00007ffc901d0000 - 0x00007ffc9020b000 	C:\WINDOWS\SYSTEM32\IPHLPAPI.DLL
0x00007ffc93110000 - 0x00007ffc93118000 	C:\WINDOWS\System32\NSI.dll
0x00007ffc86800000 - 0x00007ffc86817000 	C:\WINDOWS\SYSTEM32\dhcpcsvc6.DLL
0x00007ffc85060000 - 0x00007ffc8507d000 	C:\WINDOWS\SYSTEM32\dhcpcsvc.DLL
0x00007ffc90210000 - 0x00007ffc902da000 	C:\WINDOWS\SYSTEM32\DNSAPI.dll
0x00007ffc89e20000 - 0x00007ffc89e27000 	C:\WINDOWS\system32\wshunix.dll

dbghelp: loaded successfully - version: 4.0.5 - missing functions: none
symbol engine: initialized successfully - sym options: 0x614 - pdb path: .;C:\Program Files\Android\Android Studio\jbr\bin;C:\WINDOWS\SYSTEM32;C:\WINDOWS\WinSxS\amd64_microsoft.windows.common-controls_6595b64144ccf1df_6.0.19041.1110_none_60b5254171f9507e;C:\Program Files\Android\Android Studio\jbr\bin\server;C:\Users\shend\.gradle\native\68d5fa5c4cc2d200863cafc0d521ce42e7d3e7ee720ec0a83991735586a16f82\windows-amd64;C:\Users\shend\.gradle\native\e376f236ea51e6404a007f0833ffe2c6e607c4080706a723a18a27aeea778392\windows-amd64

VM Arguments:
jvm_args: --add-opens=java.base/java.util=ALL-UNNAMED --add-opens=java.base/java.lang=ALL-UNNAMED --add-opens=java.base/java.lang.invoke=ALL-UNNAMED --add-opens=java.prefs/java.util.prefs=ALL-UNNAMED --add-opens=java.base/java.nio.charset=ALL-UNNAMED --add-opens=java.base/java.net=ALL-UNNAMED --add-opens=java.base/java.util.concurrent.atomic=ALL-UNNAMED -Xmx2048m -Dfile.encoding=UTF-8 -Duser.country=US -Duser.language=en -Duser.variant 
java_command: org.gradle.launcher.daemon.bootstrap.GradleDaemon 8.0
java_class_path (initial): C:\Users\shend\.gradle\wrapper\dists\gradle-8.0-bin\ca5e32bp14vu59qr306oxotwh\gradle-8.0\lib\gradle-launcher-8.0.jar
Launcher Type: SUN_STANDARD

[Global flags]
     intx CICompilerCount                          = 3                                         {product} {ergonomic}
     uint ConcGCThreads                            = 1                                         {product} {ergonomic}
     uint G1ConcRefinementThreads                  = 4                                         {product} {ergonomic}
   size_t G1HeapRegionSize                         = 1048576                                   {product} {ergonomic}
    uintx GCDrainStackTargetSize                   = 64                                        {product} {ergonomic}
   size_t InitialHeapSize                          = 134217728                                 {product} {ergonomic}
   size_t MarkStackSize                            = 4194304                                   {product} {ergonomic}
   size_t MaxHeapSize                              = 2147483648                                {product} {command line}
   size_t MaxNewSize                               = 1287651328                                {product} {ergonomic}
   size_t MinHeapDeltaBytes                        = 1048576                                   {product} {ergonomic}
   size_t MinHeapSize                              = 8388608                                   {product} {ergonomic}
    uintx NonNMethodCodeHeapSize                   = 5832780                                {pd product} {ergonomic}
    uintx NonProfiledCodeHeapSize                  = 122912730                              {pd product} {ergonomic}
    uintx ProfiledCodeHeapSize                     = 122912730                              {pd product} {ergonomic}
    uintx ReservedCodeCacheSize                    = 251658240                              {pd product} {ergonomic}
     bool SegmentedCodeCache                       = true                                      {product} {ergonomic}
   size_t SoftMaxHeapSize                          = 2147483648                             {manageable} {ergonomic}
     bool UseCompressedClassPointers               = true                           {product lp64_product} {ergonomic}
     bool UseCompressedOops                        = true                           {product lp64_product} {ergonomic}
     bool UseG1GC                                  = true                                      {product} {ergonomic}
     bool UseLargePagesIndividualAllocation        = false                                  {pd product} {ergonomic}

Logging:
Log output configuration:
 #0: stdout all=warning uptime,level,tags
 #1: stderr all=off uptime,level,tags

Environment Variables:
PATH=C:\Program Files (x86)\Common Files\Oracle\Java\javapath;C:\WINDOWS\system32;C:\WINDOWS;C:\WINDOWS\System32\Wbem;C:\WINDOWS\System32\WindowsPowerShell\v1.0\;C:\WINDOWS\System32\OpenSSH\;C:\Program Files\nodejs\;D:\Git\cmd;C:\Program Files\dotnet\;C:\Program Files\Git\cmd;C:\Program Files\MySQL\MySQL Shell 8.0\bin\;C:\Users\shend\AppData\Local\Microsoft\WindowsApps;d:\mingw\bin;d:\mingw\msys\1.0\bin;;D:\Microsoft VS Code\bin;C:\Users\shend\AppData\Roaming\npm;C:\Users\shend\.dotnet\tools
USERNAME=shend
OS=Windows_NT
PROCESSOR_IDENTIFIER=Intel64 Family 6 Model 142 Stepping 9, GenuineIntel
TMP=C:\Users\shend\AppData\Local\Temp
TEMP=C:\Users\shend\AppData\Local\Temp


JNI global refs:
JNI global refs: 25, weak refs: 0

JNI global refs memory usage: 843, weak refs: 841


---------------  S Y S T E M  ---------------

OS:
 Windows 10 , 64 bit Build 19041 (10.0.19041.3393)
OS uptime: 1 days 0:26 hours

CPU: total 4 (initial active 4) (2 cores per cpu, 2 threads per core) family 6 model 142 stepping 9 microcode 0xf0, cx8, cmov, fxsr, ht, mmx, 3dnowpref, sse, sse2, sse3, ssse3, sse4.1, sse4.2, popcnt, lzcnt, tsc, tscinvbit, avx, avx2, aes, erms, clmul, bmi1, bmi2, adx, fma, vzeroupper, clflush, clflushopt

Memory: 4k page, system-wide physical 8089M (94M free)
TotalPageFile size 14324M (AvailPageFile size 0M)
current process WorkingSet (physical memory assigned to process): 214M, peak: 214M
current process commit charge ("private bytes"): 239M, peak: 256M

vm_info: OpenJDK 64-Bit Server VM (17.0.6+0-b2043.56-10027231) for windows-amd64 JRE (17.0.6+0-b2043.56-10027231), built on Apr 28 2023 00:43:19 by "androidbuild" with MS VC++ 16.10 / 16.11 (VS2019)

END.
